<?xml version="1.0" encoding="UTF-8"?>
<ns2:test-suite xmlns:ns2="urn:model.allure.qatools.yandex.ru" start="1501613126577" stop="1501613142517">
	<name>Movie details test -</name>
	<title>Movie details test -</title>
	<test-cases>
		<test-case start="1501613126577" stop="1501613134227" status="failed">
			<name>Play trailer </name>
			<title>Play trailer </title>
			<description></description>
			<labels>
			</labels>
			<parameters>
			</parameters>
			<steps>
			</steps>
			<attachments>
			</attachments>
			<failure>
				<message>Failed: Invalid locator</message>
				<stack-trace>TypeError: Invalid locator
    at Object.check [as checkedLocator] (D:\GitHub\movieFinder-protractor-ts\node_modules\selenium-webdriver\lib\by.js:267:9)
    at Driver.findElements (D:\GitHub\movieFinder-protractor-ts\node_modules\selenium-webdriver\lib\webdriver.js:1050:18)
    at ptor.waitForAngular.then (D:\GitHub\movieFinder-protractor-ts\node_modules\protractor\lib\element.ts:166:36)
    at ManagedPromise.invokeCallback_ (D:\GitHub\movieFinder-protractor-ts\node_modules\selenium-webdriver\lib\promise.js:1366:14)
    at TaskQueue.execute_ (D:\GitHub\movieFinder-protractor-ts\node_modules\selenium-webdriver\lib\promise.js:2970:14)
    at TaskQueue.executeNext_ (D:\GitHub\movieFinder-protractor-ts\node_modules\selenium-webdriver\lib\promise.js:2953:27)
    at asyncRun (D:\GitHub\movieFinder-protractor-ts\node_modules\selenium-webdriver\lib\promise.js:2813:27)
    at D:\GitHub\movieFinder-protractor-ts\node_modules\selenium-webdriver\lib\promise.js:676:7
    at process._tickCallback (internal/process/next_tick.js:109:7)
From: Task: WebDriver.switchTo().frame([object Object])
    at Driver.schedule (D:\GitHub\movieFinder-protractor-ts\node_modules\selenium-webdriver\lib\webdriver.js:816:17)
    at TargetLocator.frame (D:\GitHub\movieFinder-protractor-ts\node_modules\selenium-webdriver\lib\webdriver.js:1735:25)
    at Object.&lt;anonymous&gt; (D:\GitHub\movieFinder-protractor-ts\specs\movieDetails.spec.ts:27:28)
    at D:\GitHub\movieFinder-protractor-ts\node_modules\jasminewd2\index.js:112:25
    at new ManagedPromise (D:\GitHub\movieFinder-protractor-ts\node_modules\selenium-webdriver\lib\promise.js:1067:7)
    at ControlFlow.promise (D:\GitHub\movieFinder-protractor-ts\node_modules\selenium-webdriver\lib\promise.js:2396:12)
    at schedulerExecute (D:\GitHub\movieFinder-protractor-ts\node_modules\jasminewd2\index.js:95:18)
    at TaskQueue.execute_ (D:\GitHub\movieFinder-protractor-ts\node_modules\selenium-webdriver\lib\promise.js:2970:14)
    at TaskQueue.executeNext_ (D:\GitHub\movieFinder-protractor-ts\node_modules\selenium-webdriver\lib\promise.js:2953:27)
    at asyncRun (D:\GitHub\movieFinder-protractor-ts\node_modules\selenium-webdriver\lib\promise.js:2860:25)
From: Task: Run it(&quot;Play trailer &quot;) in control flow
    at Object.&lt;anonymous&gt; (D:\GitHub\movieFinder-protractor-ts\node_modules\jasminewd2\index.js:94:19)
    at attemptAsync (D:\GitHub\movieFinder-protractor-ts\node_modules\jasmine-core\lib\jasmine-core\jasmine.js:3914:24)
    at QueueRunner.run (D:\GitHub\movieFinder-protractor-ts\node_modules\jasmine-core\lib\jasmine-core\jasmine.js:3863:9)
    at D:\GitHub\movieFinder-protractor-ts\node_modules\jasmine-core\lib\jasmine-core\jasmine.js:3894:16
    at D:\GitHub\movieFinder-protractor-ts\node_modules\jasmine-core\lib\jasmine-core\jasmine.js:3827:9
    at D:\GitHub\movieFinder-protractor-ts\node_modules\jasminewd2\index.js:64:48
    at ControlFlow.emit (D:\GitHub\movieFinder-protractor-ts\node_modules\selenium-webdriver\lib\events.js:62:21)
    at ControlFlow.shutdown_ (D:\GitHub\movieFinder-protractor-ts\node_modules\selenium-webdriver\lib\promise.js:2565:10)
    at shutdownTask_.MicroTask (D:\GitHub\movieFinder-protractor-ts\node_modules\selenium-webdriver\lib\promise.js:2490:53)
    at MicroTask.asyncRun (D:\GitHub\movieFinder-protractor-ts\node_modules\selenium-webdriver\lib\promise.js:2619:9)
From asynchronous test: 
Error
    at Suite.&lt;anonymous&gt; (D:\GitHub\movieFinder-protractor-ts\specs\movieDetails.spec.ts:20:5)
    at addSpecsToSuite (D:\GitHub\movieFinder-protractor-ts\node_modules\jasmine-core\lib\jasmine-core\jasmine.js:994:25)
    at Env.describe (D:\GitHub\movieFinder-protractor-ts\node_modules\jasmine-core\lib\jasmine-core\jasmine.js:961:7)
    at describe (D:\GitHub\movieFinder-protractor-ts\node_modules\jasmine-core\lib\jasmine-core\jasmine.js:3999:18)
    at Object.&lt;anonymous&gt; (D:\GitHub\movieFinder-protractor-ts\specs\movieDetails.spec.ts:6:1)
    at Module._compile (module.js:571:32)
    at Object.Module._extensions..js (module.js:580:10)
    at Module.load (module.js:488:32)
    at tryModuleLoad (module.js:447:12)</stack-trace>
			</failure>
		</test-case>
		<test-case start="1501613134228" stop="1501613135110" status="passed">
			<name>Movie name</name>
			<title>Movie name</title>
			<description></description>
			<labels>
			</labels>
			<parameters>
			</parameters>
			<steps>
			</steps>
			<attachments>
			</attachments>
		</test-case>
		<test-case start="1501613135111" stop="1501613135757" status="passed">
			<name>Movie Slogan</name>
			<title>Movie Slogan</title>
			<description></description>
			<labels>
			</labels>
			<parameters>
			</parameters>
			<steps>
			</steps>
			<attachments>
			</attachments>
		</test-case>
		<test-case start="1501613135757" stop="1501613136403" status="passed">
			<name>Movie genre</name>
			<title>Movie genre</title>
			<description></description>
			<labels>
			</labels>
			<parameters>
			</parameters>
			<steps>
			</steps>
			<attachments>
			</attachments>
		</test-case>
		<test-case start="1501613136403" stop="1501613137058" status="passed">
			<name>Movie rating</name>
			<title>Movie rating</title>
			<description></description>
			<labels>
			</labels>
			<parameters>
			</parameters>
			<steps>
			</steps>
			<attachments>
			</attachments>
		</test-case>
		<test-case start="1501613137058" stop="1501613137678" status="passed">
			<name>Movie overview - Title</name>
			<title>Movie overview - Title</title>
			<description></description>
			<labels>
			</labels>
			<parameters>
			</parameters>
			<steps>
			</steps>
			<attachments>
			</attachments>
		</test-case>
		<test-case start="1501613137678" stop="1501613138328" status="passed">
			<name>Movie overview</name>
			<title>Movie overview</title>
			<description></description>
			<labels>
			</labels>
			<parameters>
			</parameters>
			<steps>
			</steps>
			<attachments>
			</attachments>
		</test-case>
		<test-case start="1501613138328" stop="1501613138931" status="passed">
			<name>Movie cast</name>
			<title>Movie cast</title>
			<description></description>
			<labels>
			</labels>
			<parameters>
			</parameters>
			<steps>
			</steps>
			<attachments>
			</attachments>
		</test-case>
		<test-case start="1501613138931" stop="1501613139643" status="passed">
			<name>Movie actor page</name>
			<title>Movie actor page</title>
			<description></description>
			<labels>
			</labels>
			<parameters>
			</parameters>
			<steps>
			</steps>
			<attachments>
			</attachments>
		</test-case>
		<test-case start="1501613139644" stop="1501613140314" status="passed">
			<name>Similar movies</name>
			<title>Similar movies</title>
			<description></description>
			<labels>
			</labels>
			<parameters>
			</parameters>
			<steps>
			</steps>
			<attachments>
			</attachments>
		</test-case>
		<test-case start="1501613140314" stop="1501613140315" status="pending">
			<name>Similar movies page - name</name>
			<title>Similar movies page - name</title>
			<description></description>
			<labels>
			</labels>
			<parameters>
			</parameters>
			<steps>
			</steps>
			<attachments>
			</attachments>
			<failure>
				<message>This test has not been implemented yet</message>
				<stack-trace></stack-trace>
			</failure>
		</test-case>
		<test-case start="1501613140315" stop="1501613140315" status="pending">
			<name>Similar movies page - details</name>
			<title>Similar movies page - details</title>
			<description></description>
			<labels>
			</labels>
			<parameters>
			</parameters>
			<steps>
			</steps>
			<attachments>
			</attachments>
			<failure>
				<message>This test has not been implemented yet</message>
				<stack-trace></stack-trace>
			</failure>
		</test-case>
		<test-case start="1501613140315" stop="1501613140990" status="passed">
			<name>Movie review - Title</name>
			<title>Movie review - Title</title>
			<description></description>
			<labels>
			</labels>
			<parameters>
			</parameters>
			<steps>
			</steps>
			<attachments>
			</attachments>
		</test-case>
		<test-case start="1501613140991" stop="1501613141803" status="passed">
			<name>Movie review - Text</name>
			<title>Movie review - Text</title>
			<description></description>
			<labels>
			</labels>
			<parameters>
			</parameters>
			<steps>
			</steps>
			<attachments>
			</attachments>
		</test-case>
		<test-case start="1501613141803" stop="1501613142516" status="passed">
			<name>Movie review - Autor</name>
			<title>Movie review - Autor</title>
			<description></description>
			<labels>
			</labels>
			<parameters>
			</parameters>
			<steps>
			</steps>
			<attachments>
			</attachments>
		</test-case>
	</test-cases>
</ns2:test-suite>